<?xml version="1.0" encoding="UTF-8"?>
<!-- Generated by org.testng.reporters.JUnitReportReporter -->
<testsuite skipped="0" hostname="Sachins-MacBook-Pro.local" name="com.Testcase.HomePageTest" tests="1" failures="0" timestamp="31 Oct 2021 17:09:48 GMT" time="21.911" errors="0">
  <testcase name="VerifyClickOnWindowsIcon" time="21.911" classname="com.Testcase.HomePageTest"/>
</testsuite> <!-- com.Testcase.HomePageTest -->
