<?xml version="1.0" encoding="UTF-8"?>
<!-- Generated by org.testng.reporters.JUnitReportReporter -->
<testsuite skipped="0" hostname="Sachins-MBP" name="com.Testcase.signInPageTest" tests="1" failures="0" timestamp="28 Oct 2021 16:01:59 GMT" time="38.574" errors="0">
  <testcase name="resetPasswordbyEnteringEmail" time="38.574" classname="com.Testcase.signInPageTest"/>
</testsuite> <!-- com.Testcase.signInPageTest -->
