<?xml version="1.0" encoding="UTF-8"?>
<!-- Generated by org.testng.reporters.JUnitReportReporter -->
<testsuite skipped="0" hostname="Sachins-MBP" name="com.testingshastra.pagefactorytest.HomePageTest" tests="3" failures="0" timestamp="23 Oct 2021 05:07:04 GMT" time="43.846" errors="0">
  <testcase name="printAllInfoLinks" time="10.467" classname="com.testingshastra.pagefactorytest.HomePageTest"/>
  <testcase name="verifyTitleOfHomePage" time="11.713" classname="com.testingshastra.pagefactorytest.HomePageTest"/>
  <testcase name="verifyUserRedirectToJoinMeetingPage" time="21.666" classname="com.testingshastra.pagefactorytest.HomePageTest"/>
</testsuite> <!-- com.testingshastra.pagefactorytest.HomePageTest -->
