<?xml version="1.0" encoding="UTF-8"?>
<!-- Generated by org.testng.reporters.JUnitReportReporter -->
<testsuite skipped="0" hostname="Sachins-MBP" name="com.Testcase.SignUpPageTest" tests="1" failures="0" timestamp="29 Oct 2021 05:12:14 GMT" time="60.021" errors="0">
  <testcase name="verifyUserCanMakeAccountUsingSignUp" time="60.021" classname="com.Testcase.SignUpPageTest"/>
</testsuite> <!-- com.Testcase.SignUpPageTest -->
