<?xml version="1.0" encoding="UTF-8"?>
<!-- Generated by org.testng.reporters.JUnitReportReporter -->
<testsuite skipped="0" hostname="Sachins-MBP" name="com.Testcase.HomePageTest" tests="6" failures="0" timestamp="29 Oct 2021 05:28:54 GMT" time="102.085" errors="0">
  <testcase name="verifyUserRedirectToSignUpPage" time="13.909" classname="com.Testcase.HomePageTest"/>
  <testcase name="verifyUserRedirectToJoinMeetingPage" time="16.779" classname="com.Testcase.HomePageTest"/>
  <testcase name="verifyUserRedirectToHostMeetingPage" time="16.524" classname="com.Testcase.HomePageTest"/>
  <testcase name="printAllInfoLinks" time="13.339" classname="com.Testcase.HomePageTest"/>
  <testcase name="verifyTitleOfHomePage" time="13.374" classname="com.Testcase.HomePageTest"/>
  <testcase name="verifyUserRedirectToSignInPage" time="28.160" classname="com.Testcase.HomePageTest"/>
</testsuite> <!-- com.Testcase.HomePageTest -->
