<?xml version="1.0" encoding="UTF-8"?>
<!-- Generated by org.testng.reporters.JUnitReportReporter -->
<testsuite skipped="0" hostname="Sachins-MBP" name="com.Testcase.LanguageTranslatePageTest" tests="1" failures="0" timestamp="02 Nov 2021 05:30:11 GMT" time="18.682" errors="0">
  <testcase name="VerifyLanguageTranslatePage" time="18.682" classname="com.Testcase.LanguageTranslatePageTest"/>
</testsuite> <!-- com.Testcase.LanguageTranslatePageTest -->
