<?xml version="1.0" encoding="UTF-8"?>
<!-- Generated by org.testng.reporters.JUnitReportReporter -->
<testsuite skipped="0" hostname="Sachins-MBP" name="com.testingshastra.stepdefinitions.Runner" tests="5" failures="0" timestamp="16 Nov 2021 16:50:33 GMT" time="0.257" errors="0">
  <testcase name="runScenario" time="0.225" classname="com.testingshastra.stepdefinitions.Runner"/>
  <testcase name="runScenario" time="0.008" classname="com.testingshastra.stepdefinitions.Runner"/>
  <testcase name="runScenario" time="0.005" classname="com.testingshastra.stepdefinitions.Runner"/>
  <testcase name="runScenario" time="0.008" classname="com.testingshastra.stepdefinitions.Runner"/>
  <testcase name="runScenario" time="0.011" classname="com.testingshastra.stepdefinitions.Runner"/>
</testsuite> <!-- com.testingshastra.stepdefinitions.Runner -->
