<?xml version="1.0" encoding="UTF-8"?>
<!-- Generated by org.testng.reporters.JUnitReportReporter -->
<testsuite skipped="0" hostname="Sachins-MBP" name="com.Testcase.HomePageTest" tests="5" failures="0" timestamp="03 Nov 2021 10:37:35 GMT" time="65.630" errors="0">
  <testcase name="verifyClickOnAndroidIconImage" time="13.684" classname="com.Testcase.HomePageTest"/>
  <testcase name="verifyTitleOfHomePage" time="10.463" classname="com.Testcase.HomePageTest"/>
  <testcase name="VerifyClickOnAppleIcon" time="10.733" classname="com.Testcase.HomePageTest"/>
  <testcase name="VerifyClickOnWindowsIcon" time="12.208" classname="com.Testcase.HomePageTest"/>
  <testcase name="verifyUserRedirectToJoinMeetingPage" time="18.542" classname="com.Testcase.HomePageTest"/>
</testsuite> <!-- com.Testcase.HomePageTest -->
