<?xml version="1.0" encoding="UTF-8"?>
<!-- Generated by org.testng.reporters.JUnitReportReporter -->
<testsuite skipped="0" hostname="Sachins-MBP" name="com.Testcase.HomePageTest" tests="5" failures="0" timestamp="17 Nov 2021 15:31:11 GMT" time="76.916" errors="0">
  <testcase name="verifyClickOnAndroidIconImage" time="17.410" classname="com.Testcase.HomePageTest"/>
  <testcase name="verifyTitleOfHomePage" time="11.369" classname="com.Testcase.HomePageTest"/>
  <testcase name="VerifyClickOnWindowsIcon" time="14.582" classname="com.Testcase.HomePageTest"/>
  <testcase name="VerifyClickOnAppleIcon" time="14.997" classname="com.Testcase.HomePageTest"/>
  <testcase name="verifyUserRedirectToJoinMeetingPage" time="18.558" classname="com.Testcase.HomePageTest"/>
</testsuite> <!-- com.Testcase.HomePageTest -->
