<?xml version="1.0" encoding="UTF-8"?>
<!-- Generated by org.testng.reporters.JUnitReportReporter -->
<testsuite skipped="0" hostname="Sachins-MBP" name="com.Testcase.HomePageTest" tests="2" failures="0" timestamp="31 Oct 2021 15:05:16 GMT" time="30.103" errors="0">
  <testcase name="verifyTitleOfHomePage" time="10.193" classname="com.Testcase.HomePageTest"/>
  <testcase name="verifyUserRedirectToJoinMeetingPage" time="19.910" classname="com.Testcase.HomePageTest"/>
</testsuite> <!-- com.Testcase.HomePageTest -->
